<?xml version="1.0" encoding="UTF-8"?>
<!-- Generated by org.testng.reporters.JUnitReportReporter -->
<testsuite hostname="HemAnokar" failures="0" tests="4" name="testRuners.TestNgRunner" time="45.215" errors="0" timestamp="2023-06-10T17:49:34 IST" skipped="0">
  <testcase classname="testRuners.TestNgRunner" name="runScenario" time="7.236"/>
  <system-out/>
  <testcase classname="testRuners.TestNgRunner" name="runScenario" time="14.279"/>
  <system-out/>
  <testcase classname="testRuners.TestNgRunner" name="runScenario" time="11.857"/>
  <system-out/>
  <testcase classname="testRuners.TestNgRunner" name="runScenario" time="11.843"/>
  <system-out/>
</testsuite> <!-- testRuners.TestNgRunner -->
